# JRE version: Java(TM) SE Runtime Environment (17.0.12+8) (build 17.0.12+8-LTS-286)
# Java VM: Java HotSpot(TM) 64-Bit Server VM (17.0.12+8-LTS-286, mixed mode, sharing, tiered, compressed oops, compressed class ptrs, g1 gc, windows-amd64)
GC Precious Log:
 CPUs: 8 total, 8 available
 Memory: 6079M
 Large Page Support: Disabled
 NUMA Support: Disabled
 Compressed Oops: Enabled (32-bit)
 Heap Region Size: 1M
 Heap Min Capacity: 8M
 Heap Initial Capacity: 96M
 Heap Max Capacity: 1520M
 Pre-touch: Disabled
 Parallel Workers: 8
 Concurrent Workers: 2
 Concurrent Refinement Workers: 8
 Periodic GC: Disabled
Heap:
 garbage-first heap   total 55296K, used 41671K [0x00000000a1000000, 0x0000000100000000)
  region size 1024K, 9 young (9216K), 2 survivors (2048K)
 Metaspace       used 79921K, committed 80640K, reserved 1179648K
  class space    used 10786K, committed 11136K, reserved 1048576K
GC Heap History (20 events):
Event: 19.663 GC heap before
{Heap before GC invocations=26 (full 0):
 garbage-first heap   total 55296K, used 33257K [0x00000000a1000000, 0x0000000100000000)
  region size 1024K, 3 young (3072K), 2 survivors (2048K)
 Metaspace       used 74792K, committed 75456K, reserved 1114112K
  class space    used 10253K, committed 10560K, reserved 1048576K
}
Event: 19.667 GC heap after
{Heap after GC invocations=27 (full 0):
 garbage-first heap   total 55296K, used 32170K [0x00000000a1000000, 0x0000000100000000)
  region size 1024K, 1 young (1024K), 1 survivors (1024K)
 Metaspace       used 74792K, committed 75456K, reserved 1114112K
  class space    used 10253K, committed 10560K, reserved 1048576K
}
Event: 20.629 GC heap before
{Heap before GC invocations=27 (full 0):
 garbage-first heap   total 55296K, used 42410K [0x00000000a1000000, 0x0000000100000000)
  region size 1024K, 12 young (12288K), 1 survivors (1024K)
 Metaspace       used 77093K, committed 77696K, reserved 1179648K
  class space    used 10548K, committed 10816K, reserved 1048576K
}
Event: 20.632 GC heap after
{Heap after GC invocations=28 (full 0):
 garbage-first heap   total 55296K, used 33658K [0x00000000a1000000, 0x0000000100000000)
  region size 1024K, 2 young (2048K), 2 survivors (2048K)
 Metaspace       used 77093K, committed 77696K, reserved 1179648K
  class space    used 10548K, committed 10816K, reserved 1048576K
}
Event: 21.146 GC heap before
{Heap before GC invocations=28 (full 0):
 garbage-first heap   total 55296K, used 43898K [0x00000000a1000000, 0x0000000100000000)
  region size 1024K, 12 young (12288K), 2 survivors (2048K)
 Metaspace       used 78208K, committed 78848K, reserved 1179648K
  class space    used 10725K, committed 11008K, reserved 1048576K
}
Event: 21.151 GC heap after
{Heap after GC invocations=29 (full 0):
 garbage-first heap   total 55296K, used 34005K [0x00000000a1000000, 0x0000000100000000)
  region size 1024K, 1 young (1024K), 1 survivors (1024K)
 Metaspace       used 78208K, committed 78848K, reserved 1179648K
  class space    used 10725K, committed 11008K, reserved 1048576K
}
Event: 21.569 GC heap before
{Heap before GC invocations=29 (full 0):
 garbage-first heap   total 55296K, used 44245K [0x00000000a1000000, 0x0000000100000000)
  region size 1024K, 11 young (11264K), 1 survivors (1024K)
 Metaspace       used 78631K, committed 79296K, reserved 1179648K
  class space    used 10733K, committed 11072K, reserved 1048576K
}
Event: 21.572 GC heap after
{Heap after GC invocations=30 (full 0):
 garbage-first heap   total 55296K, used 34433K [0x00000000a1000000, 0x0000000100000000)
  region size 1024K, 2 young (2048K), 2 survivors (2048K)
 Metaspace       used 78631K, committed 79296K, reserved 1179648K
  class space    used 10733K, committed 11072K, reserved 1048576K
}
Event: 21.921 GC heap before
{Heap before GC invocations=30 (full 0):
 garbage-first heap   total 55296K, used 44673K [0x00000000a1000000, 0x0000000100000000)
  region size 1024K, 12 young (12288K), 2 survivors (2048K)
 Metaspace       used 78831K, committed 79488K, reserved 1179648K
  class space    used 10736K, committed 11072K, reserved 1048576K
}
Event: 21.924 GC heap after
{Heap after GC invocations=31 (full 0):
 garbage-first heap   total 55296K, used 34498K [0x00000000a1000000, 0x0000000100000000)
  region size 1024K, 1 young (1024K), 1 survivors (1024K)
 Metaspace       used 78831K, committed 79488K, reserved 1179648K
  class space    used 10736K, committed 11072K, reserved 1048576K
}
Event: 22.147 GC heap before
{Heap before GC invocations=31 (full 0):
 garbage-first heap   total 55296K, used 44738K [0x00000000a1000000, 0x0000000100000000)
  region size 1024K, 11 young (11264K), 1 survivors (1024K)
 Metaspace       used 78966K, committed 79616K, reserved 1179648K
  class space    used 10737K, committed 11072K, reserved 1048576K
}
Event: 22.149 GC heap after
{Heap after GC invocations=32 (full 0):
 garbage-first heap   total 55296K, used 34468K [0x00000000a1000000, 0x0000000100000000)
  region size 1024K, 1 young (1024K), 1 survivors (1024K)
 Metaspace       used 78966K, committed 79616K, reserved 1179648K
  class space    used 10737K, committed 11072K, reserved 1048576K
}
Event: 22.359 GC heap before
{Heap before GC invocations=32 (full 0):
 garbage-first heap   total 55296K, used 45732K [0x00000000a1000000, 0x0000000100000000)
  region size 1024K, 12 young (12288K), 1 survivors (1024K)
 Metaspace       used 79015K, committed 79744K, reserved 1179648K
  class space    used 10740K, committed 11072K, reserved 1048576K
}
Event: 22.361 GC heap after
{Heap after GC invocations=33 (full 0):
 garbage-first heap   total 55296K, used 34498K [0x00000000a1000000, 0x0000000100000000)
  region size 1024K, 1 young (1024K), 1 survivors (1024K)
 Metaspace       used 79015K, committed 79744K, reserved 1179648K
  class space    used 10740K, committed 11072K, reserved 1048576K
}
Event: 4312.411 GC heap before
{Heap before GC invocations=33 (full 0):
 garbage-first heap   total 55296K, used 45762K [0x00000000a1000000, 0x0000000100000000)
  region size 1024K, 12 young (12288K), 1 survivors (1024K)
 Metaspace       used 79668K, committed 80448K, reserved 1179648K
  class space    used 10783K, committed 11136K, reserved 1048576K
}
Event: 4312.479 GC heap after
{Heap after GC invocations=34 (full 0):
 garbage-first heap   total 55296K, used 35510K [0x00000000a1000000, 0x0000000100000000)
  region size 1024K, 2 young (2048K), 2 survivors (2048K)
 Metaspace       used 79668K, committed 80448K, reserved 1179648K
  class space    used 10783K, committed 11136K, reserved 1048576K
}
Event: 7992.012 GC heap before
{Heap before GC invocations=34 (full 0):
 garbage-first heap   total 55296K, used 45750K [0x00000000a1000000, 0x0000000100000000)
  region size 1024K, 12 young (12288K), 2 survivors (2048K)
 Metaspace       used 79770K, committed 80448K, reserved 1179648K
  class space    used 10783K, committed 11136K, reserved 1048576K
}
Event: 7992.033 GC heap after
{Heap after GC invocations=35 (full 0):
 garbage-first heap   total 55296K, used 35527K [0x00000000a1000000, 0x0000000100000000)
  region size 1024K, 2 young (2048K), 2 survivors (2048K)
 Metaspace       used 79770K, committed 80448K, reserved 1179648K
  class space    used 10783K, committed 11136K, reserved 1048576K
}
Event: 12683.542 GC heap before
{Heap before GC invocations=35 (full 0):
 garbage-first heap   total 55296K, used 45767K [0x00000000a1000000, 0x0000000100000000)
  region size 1024K, 12 young (12288K), 2 survivors (2048K)
 Metaspace       used 79857K, committed 80576K, reserved 1179648K
  class space    used 10783K, committed 11136K, reserved 1048576K
}
Event: 12683.819 GC heap after
{Heap after GC invocations=36 (full 0):
 garbage-first heap   total 55296K, used 35527K [0x00000000a1000000, 0x0000000100000000)
  region size 1024K, 2 young (2048K), 2 survivors (2048K)
 Metaspace       used 79857K, committed 80576K, reserved 1179648K
  class space    used 10783K, committed 11136K, reserved 1048576K
}

